[09:40:14] [Server thread/INFO]: Starting minecraft server version 1.8.8
[09:40:14] [Server thread/INFO]: Loading properties
[09:40:14] [Server thread/INFO]: Default game type: SURVIVAL
[09:40:14] [Server thread/INFO]: This server is running CraftBukkit version git-Spigot-5f38d38-18fbb24 (MC: 1.8.8) (Implementing API version 1.8.8-R0.1-SNAPSHOT)
[09:40:14] [Server thread/INFO]: Debug logging is disabled
[09:40:14] [Server thread/INFO]: Server Ping Player Sample Count: 12
[09:40:14] [Server thread/INFO]: Using 4 threads for Netty based IO
[09:40:14] [Server thread/INFO]: Generating keypair
[09:40:15] [Server thread/INFO]: Starting Minecraft server on *:25565
[09:40:15] [Server thread/INFO]: Using default channel type
[09:40:15] [Server thread/INFO]: Set PluginClassLoader as parallel capable
[09:40:15] [Server thread/INFO]: [PermissionsEx] Loading PermissionsEx v1.23.3
[09:40:15] [Server thread/INFO]: [PlugMan] Loading PlugMan v2.0.7
[09:40:15] [Server thread/INFO]: [Essentials] Loading Essentials vTeamCity
[09:40:15] [Server thread/INFO]: [Vault] Loading Vault v1.5.6-b49
[09:40:15] [Server thread/INFO]: [ProtocolLib] Loading ProtocolLib v3.6.5-SNAPSHOT-b205
[09:40:15] [Server thread/INFO]: [ResourcePackDownloader] Loading ResourcePackDownloader v4.0
[09:40:15] [Server thread/INFO]: [Ulticraft] Loading Ulticraft v3.1.27.1337
[09:40:15] [Server thread/INFO]: [Vault] Enabling Vault v1.5.6-b49
[09:40:15] [Server thread/INFO]: [Vault] [Economy] Essentials Economy found: Waiting
[09:40:15] [Server thread/INFO]: [Vault] [Permission] PermissionsEx found: Waiting
[09:40:15] [Server thread/INFO]: [Vault] [Permission] SuperPermissions loaded as backup permission system.
[09:40:15] [Server thread/INFO]: [Vault] [Chat] PermissionsEx found: Waiting
[09:40:15] [Server thread/INFO]: [Vault] Enabled Version 1.5.6-b49
[09:40:15] [Server thread/INFO]: [ProtocolLib] Enabling ProtocolLib v3.6.5-SNAPSHOT-b205
[09:40:15] [Server thread/INFO]: [ProtocolLib] Started structure compiler thread.
[09:40:15] [Server thread/INFO]: **** Beginning UUID conversion, this may take A LONG time ****
[09:40:15] [Server thread/INFO]: Preparing level "fast"
[09:40:15] [Server thread/INFO]: Preparing start region for level 0 (Seed: -3727291190410033928)
[09:40:16] [Server thread/INFO]: [PermissionsEx] Enabling PermissionsEx v1.23.3
[09:40:16] [Server thread/INFO]: [PermissionsEx] Initializing file backend
[09:40:16] [Server thread/INFO]: [PermissionsEx] Permissions file successfully reloaded
[09:40:16] [Server thread/INFO]: [Vault][Permission] PermissionsEx hooked.
[09:40:16] [Server thread/INFO]: [Vault][Chat] PermissionsEx_Chat hooked.
[09:40:16] [Server thread/INFO]: [PlugMan] Enabling PlugMan v2.0.7
[09:40:16] [Server thread/INFO]: [Essentials] Enabling Essentials vTeamCity
[09:40:16] [Server thread/INFO]: Bukkit version format changed. Version not checked.
[09:40:16] [Server thread/INFO]: git-Spigot-5f38d38-18fbb24 (MC: 1.8.8)
[09:40:16] [Server thread/INFO]: 1.8.8-R0.1-SNAPSHOT
[09:40:16] [Server thread/INFO]: Using locale en_US
[09:40:16] [Server thread/INFO]: Using locale en_US
[09:40:16] [Server thread/INFO]: [Vault][Economy] Essentials Economy hooked.
[09:40:16] [Server thread/INFO]: Essentials: Using PermissionsEx based permissions.
[09:40:16] [Server thread/INFO]: [ResourcePackDownloader] Enabling ResourcePackDownloader v4.0
[09:40:16] [Server thread/INFO]: [Ulticraft] Enabling Ulticraft v3.1.27.1337
[09:40:16] [Server thread/INFO]: [0;37;1mUlticraft: [0;35;1mEnabling Components[m
[09:40:16] [Server thread/INFO]: [0;37;1mUlticraft: [0;35;1mComponent Data Enabled[m
[09:40:16] [Server thread/INFO]: [0;37;1mUlticraft: [0;35;1mComponent Gem Enabled[m
[09:40:16] [Server thread/INFO]: [0;37;1mUlticraft: [0;35;1mComponent Perk Enabled[m
[09:40:16] [Server thread/INFO]: [0;37;1mUlticraft: [0;35;1mComponent UI Enabled[m
[09:40:16] [Server thread/INFO]: [0;37;1mUlticraft: [0;35;1mComponent Mana Enabled[m
[09:40:16] [Server thread/INFO]: [0;37;1mUlticraft: [0;35;1mComponent Sound Enabled[m
[09:40:16] [Server thread/INFO]: [0;37;1mUlticraft: [0;35;1mComponent Notification Enabled[m
[09:40:16] [Server thread/INFO]: [0;37;1mUlticraft: [0;35;1mComponent Achievement Enabled[m
[09:40:16] [Server thread/INFO]: [0;37;1mUlticraft: [0;35;1mComponent Graphics Enabled[m
[09:40:16] [Server thread/INFO]: [0;37;1mUlticraft: [0;35;1mComponent Spell Enabled[m
[09:40:16] [Server thread/INFO]: [0;37;1mUlticraft: [0;35;1mComponent Command Enabled[m
[09:40:16] [Server thread/INFO]: [0;37;1mUlticraft: [0;35;1mComponent Security Enabled[m
[09:40:16] [Server thread/INFO]: [0;37;1mUlticraft: [0;35;1mComponent Permission Enabled[m
[09:40:16] [Server thread/INFO]: [0;37;1mUlticraft: [0;35;1mComponent Auction Enabled[m
[09:40:16] [Server thread/INFO]: Server permissions file permissions.yml is empty, ignoring it
[09:40:16] [Server thread/INFO]: Done (0.785s)! For help, type "help" or "?"
[09:40:16] [Server thread/INFO]: [PlugMan] Metrics started: http://mcstats.org/plugin/PlugMan
[09:40:16] [Craft Scheduler Thread - 5/INFO]: [Vault] Checking for Updates ... 
[09:40:16] [Craft Scheduler Thread - 5/INFO]: [Vault] No new version available
[09:40:16] [Craft Scheduler Thread - 1/INFO]: [PlugMan] No update was found.
[09:41:38] [Server thread/INFO]: CONSOLE: [0;31;1mPlease note that this command is not supported and may cause issues when using some plugins.[m
[09:41:38] [Server thread/INFO]: CONSOLE: [0;31;1mIf you encounter any issues please use the /stop command to restart your server.[m
[09:41:38] [Server thread/INFO]: Debug logging is disabled
[09:41:38] [Server thread/INFO]: Server Ping Player Sample Count: 12
[09:41:38] [Server thread/INFO]: Using 4 threads for Netty based IO
[09:41:38] [Server thread/INFO]: [Ulticraft] Disabling Ulticraft v3.1.27.1337
[09:41:38] [Server thread/INFO]: [0;37;1mUlticraft: [0;35;1mDisabling Components[m
[09:41:38] [Server thread/INFO]: [0;37;1mUlticraft: [0;35;1mComponent Auction Disabled[m
[09:41:38] [Server thread/INFO]: [0;37;1mUlticraft: [0;35;1mComponent Permission Disabled[m
[09:41:38] [Server thread/INFO]: [0;37;1mUlticraft: [0;35;1mComponent Security Disabled[m
[09:41:38] [Server thread/INFO]: [0;37;1mUlticraft: [0;35;1mComponent Command Disabled[m
[09:41:38] [Server thread/INFO]: [0;37;1mUlticraft: [0;35;1mComponent Spell Disabled[m
[09:41:38] [Server thread/INFO]: [0;37;1mUlticraft: [0;35;1mComponent Graphics Disabled[m
[09:41:38] [Server thread/INFO]: [0;37;1mUlticraft: [0;35;1mComponent Achievement Disabled[m
[09:41:38] [Server thread/INFO]: [0;37;1mUlticraft: [0;35;1mComponent Notification Disabled[m
[09:41:38] [Server thread/INFO]: [0;37;1mUlticraft: [0;35;1mComponent Sound Disabled[m
[09:41:38] [Server thread/INFO]: [0;37;1mUlticraft: [0;35;1mComponent Mana Disabled[m
[09:41:38] [Server thread/INFO]: [0;37;1mUlticraft: [0;35;1mComponent UI Disabled[m
[09:41:38] [Server thread/INFO]: [0;37;1mUlticraft: [0;35;1mComponent Perk Disabled[m
[09:41:38] [Server thread/INFO]: [0;37;1mUlticraft: [0;35;1mComponent Gem Disabled[m
[09:41:38] [Server thread/INFO]: [0;37;1mUlticraft: [0;35;1mComponent Data Disabled[m
[09:41:38] [Server thread/INFO]: [ResourcePackDownloader] Disabling ResourcePackDownloader v4.0
[09:41:38] [Server thread/INFO]: [ProtocolLib] Disabling ProtocolLib v3.6.5-SNAPSHOT-b205
[09:41:38] [Server thread/INFO]: [Vault] Disabling Vault v1.5.6-b49
[09:41:38] [Server thread/INFO]: [Essentials] Disabling Essentials vTeamCity
[09:41:38] [Server thread/INFO]: [PlugMan] Disabling PlugMan v2.0.7
[09:41:38] [Server thread/INFO]: [PermissionsEx] Disabling PermissionsEx v1.23.3
[09:41:38] [Server thread/INFO]: [PermissionsEx] Loading PermissionsEx v1.23.3
[09:41:38] [Server thread/INFO]: [PlugMan] Loading PlugMan v2.0.7
[09:41:38] [Server thread/INFO]: [Essentials] Loading Essentials vTeamCity
[09:41:38] [Server thread/INFO]: [Vault] Loading Vault v1.5.6-b49
[09:41:38] [Server thread/INFO]: [ProtocolLib] Loading ProtocolLib v3.6.5-SNAPSHOT-b205
[09:41:38] [Server thread/INFO]: [ResourcePackDownloader] Loading ResourcePackDownloader v4.0
[09:41:38] [Server thread/INFO]: [Ulticraft] Loading Ulticraft v3.1.27.1337
[09:41:38] [Server thread/INFO]: [Vault] Enabling Vault v1.5.6-b49
[09:41:38] [Server thread/INFO]: [Vault] [Economy] Essentials Economy found: Waiting
[09:41:38] [Server thread/INFO]: [Vault] [Permission] PermissionsEx found: Waiting
[09:41:38] [Server thread/INFO]: [Vault] [Permission] SuperPermissions loaded as backup permission system.
[09:41:38] [Server thread/INFO]: [Vault] [Chat] PermissionsEx found: Waiting
[09:41:38] [Server thread/INFO]: [Vault] Enabled Version 1.5.6-b49
[09:41:38] [Server thread/INFO]: [ProtocolLib] Enabling ProtocolLib v3.6.5-SNAPSHOT-b205
[09:41:38] [Server thread/INFO]: [ProtocolLib] Started structure compiler thread.
[09:41:38] [Server thread/INFO]: [PermissionsEx] Enabling PermissionsEx v1.23.3
[09:41:38] [Server thread/INFO]: [PermissionsEx] Initializing file backend
[09:41:38] [Server thread/INFO]: [PermissionsEx] Permissions file successfully reloaded
[09:41:38] [Server thread/INFO]: [Vault][Permission] PermissionsEx hooked.
[09:41:38] [Server thread/INFO]: [Vault][Chat] PermissionsEx_Chat hooked.
[09:41:38] [Server thread/INFO]: [PlugMan] Enabling PlugMan v2.0.7
[09:41:38] [Server thread/INFO]: [Essentials] Enabling Essentials vTeamCity
[09:41:38] [Server thread/INFO]: Bukkit version format changed. Version not checked.
[09:41:38] [Server thread/INFO]: git-Spigot-5f38d38-18fbb24 (MC: 1.8.8)
[09:41:38] [Server thread/INFO]: 1.8.8-R0.1-SNAPSHOT
[09:41:38] [Server thread/INFO]: Using locale en_US
[09:41:38] [Server thread/INFO]: Using locale en_US
[09:41:38] [Server thread/INFO]: [Vault][Economy] Essentials Economy hooked.
[09:41:38] [Server thread/INFO]: Essentials: Using PermissionsEx based permissions.
[09:41:38] [Server thread/INFO]: [ResourcePackDownloader] Enabling ResourcePackDownloader v4.0
[09:41:38] [Server thread/INFO]: [Ulticraft] Enabling Ulticraft v3.1.27.1337
[09:41:38] [Server thread/INFO]: [0;37;1mUlticraft: [0;35;1mEnabling Components[m
[09:41:38] [Server thread/INFO]: [0;37;1mUlticraft: [0;35;1mComponent Data Enabled[m
[09:41:38] [Server thread/INFO]: [0;37;1mUlticraft: [0;35;1mComponent Auction Enabled[m
[09:41:38] [Server thread/INFO]: [0;37;1mUlticraft: [0;35;1mComponent Mana Enabled[m
[09:41:38] [Server thread/INFO]: [0;37;1mUlticraft: [0;35;1mComponent Sound Enabled[m
[09:41:38] [Server thread/INFO]: [0;37;1mUlticraft: [0;35;1mComponent Notification Enabled[m
[09:41:38] [Server thread/INFO]: [0;37;1mUlticraft: [0;35;1mComponent Permission Enabled[m
[09:41:38] [Server thread/INFO]: [0;37;1mUlticraft: [0;35;1mComponent Graphics Enabled[m
[09:41:38] [Server thread/INFO]: [0;37;1mUlticraft: [0;35;1mComponent Gem Enabled[m
[09:41:38] [Server thread/INFO]: [0;37;1mUlticraft: [0;35;1mComponent Spell Enabled[m
[09:41:38] [Server thread/INFO]: [0;37;1mUlticraft: [0;35;1mComponent Achievement Enabled[m
[09:41:38] [Server thread/INFO]: [0;37;1mUlticraft: [0;35;1mComponent Perk Enabled[m
[09:41:38] [Server thread/INFO]: [0;37;1mUlticraft: [0;35;1mComponent UI Enabled[m
[09:41:38] [Server thread/INFO]: [0;37;1mUlticraft: [0;35;1mComponent Security Enabled[m
[09:41:38] [Server thread/INFO]: [0;37;1mUlticraft: [0;35;1mComponent Command Enabled[m
[09:41:38] [Server thread/INFO]: [0;37;1mUlticraft: [0;36;1mOh?[m
[09:41:38] [Server thread/INFO]: Server permissions file permissions.yml is empty, ignoring it
[09:41:38] [Server thread/INFO]: CONSOLE: [0;32;1mReload complete.[m
[09:41:38] [Server thread/INFO]: [PlugMan] Metrics started: http://mcstats.org/plugin/PlugMan
[09:41:38] [Craft Scheduler Thread - 11/INFO]: [Vault] Checking for Updates ... 
[09:41:38] [Craft Scheduler Thread - 7/INFO]: [PlugMan] No update was found.
[09:41:38] [Craft Scheduler Thread - 11/INFO]: [Vault] No new version available
